{"E:\\work\\practical-test-3-main\\index.js": {"path":"E:\\work\\practical-test-3-main\\index.js","statementMap":{"0":{"start":{"line":1,"column":15},"end":{"line":1,"column":260}},"1":{"start":{"line":2,"column":18},"end":{"line":2,"column":21}},"2":{"start":{"line":4,"column":24},"end":{"line":4,"column":25}},"3":{"start":{"line":5,"column":24},"end":{"line":5,"column":39}},"4":{"start":{"line":7,"column":17},"end":{"line":7,"column":32}},"5":{"start":{"line":8,"column":14},"end":{"line":8,"column":16}},"6":{"start":{"line":12,"column":1},"end":{"line":12,"column":18}},"7":{"start":{"line":13,"column":1},"end":{"line":13,"column":25}},"8":{"start":{"line":15,"column":1},"end":{"line":15,"column":39}},"9":{"start":{"line":15,"column":15},"end":{"line":15,"column":39}},"10":{"start":{"line":17,"column":1},"end":{"line":17,"column":17}},"11":{"start":{"line":18,"column":1},"end":{"line":18,"column":16}},"12":{"start":{"line":22,"column":1},"end":{"line":35,"column":4}},"13":{"start":{"line":23,"column":2},"end":{"line":23,"column":21}},"14":{"start":{"line":24,"column":2},"end":{"line":24,"column":39}},"15":{"start":{"line":26,"column":21},"end":{"line":26,"column":33}},"16":{"start":{"line":27,"column":2},"end":{"line":33,"column":3}},"17":{"start":{"line":28,"column":3},"end":{"line":28,"column":41}},"18":{"start":{"line":31,"column":3},"end":{"line":31,"column":35}},"19":{"start":{"line":34,"column":2},"end":{"line":34,"column":31}},"20":{"start":{"line":38,"column":1},"end":{"line":45,"column":4}},"21":{"start":{"line":39,"column":2},"end":{"line":39,"column":21}},"22":{"start":{"line":40,"column":2},"end":{"line":44,"column":3}},"23":{"start":{"line":41,"column":3},"end":{"line":41,"column":19}},"24":{"start":{"line":43,"column":3},"end":{"line":43,"column":18}},"25":{"start":{"line":46,"column":1},"end":{"line":49,"column":4}},"26":{"start":{"line":47,"column":2},"end":{"line":47,"column":21}},"27":{"start":{"line":48,"column":2},"end":{"line":48,"column":18}},"28":{"start":{"line":51,"column":1},"end":{"line":58,"column":4}},"29":{"start":{"line":52,"column":18},"end":{"line":52,"column":29}},"30":{"start":{"line":53,"column":2},"end":{"line":57,"column":3}},"31":{"start":{"line":54,"column":3},"end":{"line":54,"column":22}},"32":{"start":{"line":55,"column":3},"end":{"line":55,"column":23}},"33":{"start":{"line":56,"column":3},"end":{"line":56,"column":19}},"34":{"start":{"line":59,"column":1},"end":{"line":66,"column":4}},"35":{"start":{"line":60,"column":2},"end":{"line":60,"column":21}},"36":{"start":{"line":61,"column":2},"end":{"line":65,"column":3}},"37":{"start":{"line":62,"column":3},"end":{"line":64,"column":4}},"38":{"start":{"line":63,"column":4},"end":{"line":63,"column":49}},"39":{"start":{"line":71,"column":1},"end":{"line":78,"column":2}},"40":{"start":{"line":72,"column":2},"end":{"line":76,"column":3}},"41":{"start":{"line":73,"column":3},"end":{"line":73,"column":12}},"42":{"start":{"line":74,"column":9},"end":{"line":76,"column":3}},"43":{"start":{"line":75,"column":3},"end":{"line":75,"column":13}},"44":{"start":{"line":77,"column":2},"end":{"line":77,"column":11}},"45":{"start":{"line":81,"column":1},"end":{"line":88,"column":2}},"46":{"start":{"line":82,"column":2},"end":{"line":86,"column":3}},"47":{"start":{"line":83,"column":3},"end":{"line":83,"column":12}},"48":{"start":{"line":84,"column":9},"end":{"line":86,"column":3}},"49":{"start":{"line":85,"column":3},"end":{"line":85,"column":13}},"50":{"start":{"line":87,"column":2},"end":{"line":87,"column":11}},"51":{"start":{"line":90,"column":0},"end":{"line":90,"column":48}},"52":{"start":{"line":94,"column":1},"end":{"line":94,"column":37}},"53":{"start":{"line":95,"column":1},"end":{"line":95,"column":30}},"54":{"start":{"line":99,"column":1},"end":{"line":99,"column":37}},"55":{"start":{"line":100,"column":1},"end":{"line":102,"column":2}},"56":{"start":{"line":101,"column":2},"end":{"line":101,"column":32}},"57":{"start":{"line":107,"column":19},"end":{"line":107,"column":53}},"58":{"start":{"line":108,"column":13},"end":{"line":108,"column":15}},"59":{"start":{"line":109,"column":1},"end":{"line":121,"column":2}},"60":{"start":{"line":109,"column":11},"end":{"line":109,"column":12}},"61":{"start":{"line":110,"column":14},"end":{"line":110,"column":21}},"62":{"start":{"line":111,"column":2},"end":{"line":120,"column":10}},"63":{"start":{"line":122,"column":1},"end":{"line":122,"column":29}},"64":{"start":{"line":127,"column":1},"end":{"line":127,"column":15}},"65":{"start":{"line":129,"column":17},"end":{"line":135,"column":2}},"66":{"start":{"line":137,"column":1},"end":{"line":150,"column":4}},"67":{"start":{"line":138,"column":19},"end":{"line":138,"column":34}},"68":{"start":{"line":140,"column":2},"end":{"line":140,"column":29}},"69":{"start":{"line":141,"column":21},"end":{"line":141,"column":33}},"70":{"start":{"line":142,"column":2},"end":{"line":142,"column":34}},"71":{"start":{"line":143,"column":2},"end":{"line":143,"column":31}},"72":{"start":{"line":144,"column":2},"end":{"line":144,"column":16}},"73":{"start":{"line":147,"column":2},"end":{"line":147,"column":21}},"74":{"start":{"line":148,"column":2},"end":{"line":148,"column":13}},"75":{"start":{"line":149,"column":2},"end":{"line":149,"column":16}},"76":{"start":{"line":155,"column":1},"end":{"line":155,"column":27}},"77":{"start":{"line":159,"column":1},"end":{"line":159,"column":28}},"78":{"start":{"line":164,"column":1},"end":{"line":166,"column":38}},"79":{"start":{"line":170,"column":4},"end":{"line":171,"column":58}},"80":{"start":{"line":172,"column":4},"end":{"line":172,"column":61}},"81":{"start":{"line":173,"column":15},"end":{"line":173,"column":36}},"82":{"start":{"line":174,"column":12},"end":{"line":174,"column":87}},"83":{"start":{"line":175,"column":12},"end":{"line":175,"column":42}},"84":{"start":{"line":177,"column":4},"end":{"line":180,"column":85}}},"fnMap":{"0":{"name":"homeInit","decl":{"start":{"line":11,"column":9},"end":{"line":11,"column":17}},"loc":{"start":{"line":11,"column":20},"end":{"line":19,"column":1}},"line":11},"1":{"name":"bindHomeEvent","decl":{"start":{"line":21,"column":9},"end":{"line":21,"column":22}},"loc":{"start":{"line":21,"column":25},"end":{"line":67,"column":1}},"line":21},"2":{"name":"(anonymous_2)","decl":{"start":{"line":22,"column":28},"end":{"line":22,"column":29}},"loc":{"start":{"line":22,"column":40},"end":{"line":35,"column":2}},"line":22},"3":{"name":"(anonymous_3)","decl":{"start":{"line":38,"column":38},"end":{"line":38,"column":39}},"loc":{"start":{"line":38,"column":50},"end":{"line":45,"column":2}},"line":38},"4":{"name":"(anonymous_4)","decl":{"start":{"line":46,"column":39},"end":{"line":46,"column":40}},"loc":{"start":{"line":46,"column":51},"end":{"line":49,"column":2}},"line":46},"5":{"name":"(anonymous_5)","decl":{"start":{"line":51,"column":31},"end":{"line":51,"column":32}},"loc":{"start":{"line":51,"column":43},"end":{"line":58,"column":2}},"line":51},"6":{"name":"(anonymous_6)","decl":{"start":{"line":59,"column":57},"end":{"line":59,"column":58}},"loc":{"start":{"line":59,"column":69},"end":{"line":66,"column":2}},"line":59},"7":{"name":"sortByPopularity","decl":{"start":{"line":70,"column":9},"end":{"line":70,"column":25}},"loc":{"start":{"line":70,"column":28},"end":{"line":79,"column":1}},"line":70},"8":{"name":"(anonymous_8)","decl":{"start":{"line":71,"column":8},"end":{"line":71,"column":9}},"loc":{"start":{"line":71,"column":18},"end":{"line":78,"column":2}},"line":71},"9":{"name":"sortByDate","decl":{"start":{"line":80,"column":9},"end":{"line":80,"column":19}},"loc":{"start":{"line":80,"column":22},"end":{"line":89,"column":1}},"line":80},"10":{"name":"(anonymous_10)","decl":{"start":{"line":81,"column":8},"end":{"line":81,"column":9}},"loc":{"start":{"line":81,"column":18},"end":{"line":88,"column":2}},"line":81},"11":{"name":"openMainMenu","decl":{"start":{"line":93,"column":9},"end":{"line":93,"column":21}},"loc":{"start":{"line":93,"column":24},"end":{"line":96,"column":1}},"line":93},"12":{"name":"closeMainMenu","decl":{"start":{"line":98,"column":9},"end":{"line":98,"column":22}},"loc":{"start":{"line":98,"column":25},"end":{"line":103,"column":1}},"line":98},"13":{"name":"createMovieList","decl":{"start":{"line":106,"column":9},"end":{"line":106,"column":24}},"loc":{"start":{"line":106,"column":31},"end":{"line":123,"column":1}},"line":106},"14":{"name":"getMovieList","decl":{"start":{"line":126,"column":9},"end":{"line":126,"column":21}},"loc":{"start":{"line":126,"column":24},"end":{"line":151,"column":1}},"line":126},"15":{"name":"(anonymous_15)","decl":{"start":{"line":138,"column":7},"end":{"line":138,"column":8}},"loc":{"start":{"line":138,"column":19},"end":{"line":138,"column":34}},"line":138},"16":{"name":"(anonymous_16)","decl":{"start":{"line":139,"column":7},"end":{"line":139,"column":8}},"loc":{"start":{"line":139,"column":19},"end":{"line":145,"column":2}},"line":139},"17":{"name":"(anonymous_17)","decl":{"start":{"line":146,"column":8},"end":{"line":146,"column":9}},"loc":{"start":{"line":146,"column":15},"end":{"line":150,"column":2}},"line":146},"18":{"name":"showLoading","decl":{"start":{"line":154,"column":9},"end":{"line":154,"column":20}},"loc":{"start":{"line":154,"column":23},"end":{"line":156,"column":1}},"line":154},"19":{"name":"hideLoading","decl":{"start":{"line":158,"column":9},"end":{"line":158,"column":20}},"loc":{"start":{"line":158,"column":23},"end":{"line":160,"column":1}},"line":158},"20":{"name":"isTouchDevice","decl":{"start":{"line":163,"column":9},"end":{"line":163,"column":22}},"loc":{"start":{"line":163,"column":25},"end":{"line":167,"column":1}},"line":163},"21":{"name":"formatMoney","decl":{"start":{"line":169,"column":9},"end":{"line":169,"column":20}},"loc":{"start":{"line":169,"column":57},"end":{"line":181,"column":1}},"line":169}},"branchMap":{"0":{"loc":{"start":{"line":15,"column":1},"end":{"line":15,"column":39}},"type":"if","locations":[{"start":{"line":15,"column":1},"end":{"line":15,"column":39}},{"start":{},"end":{}}],"line":15},"1":{"loc":{"start":{"line":27,"column":2},"end":{"line":33,"column":3}},"type":"if","locations":[{"start":{"line":27,"column":2},"end":{"line":33,"column":3}},{"start":{"line":30,"column":9},"end":{"line":33,"column":3}}],"line":27},"2":{"loc":{"start":{"line":40,"column":2},"end":{"line":44,"column":3}},"type":"if","locations":[{"start":{"line":40,"column":2},"end":{"line":44,"column":3}},{"start":{"line":42,"column":9},"end":{"line":44,"column":3}}],"line":40},"3":{"loc":{"start":{"line":53,"column":2},"end":{"line":57,"column":3}},"type":"if","locations":[{"start":{"line":53,"column":2},"end":{"line":57,"column":3}},{"start":{},"end":{}}],"line":53},"4":{"loc":{"start":{"line":53,"column":5},"end":{"line":53,"column":82}},"type":"binary-expr","locations":[{"start":{"line":53,"column":5},"end":{"line":53,"column":39}},{"start":{"line":53,"column":43},"end":{"line":53,"column":82}}],"line":53},"5":{"loc":{"start":{"line":61,"column":2},"end":{"line":65,"column":3}},"type":"if","locations":[{"start":{"line":61,"column":2},"end":{"line":65,"column":3}},{"start":{},"end":{}}],"line":61},"6":{"loc":{"start":{"line":62,"column":3},"end":{"line":64,"column":4}},"type":"if","locations":[{"start":{"line":62,"column":3},"end":{"line":64,"column":4}},{"start":{},"end":{}}],"line":62},"7":{"loc":{"start":{"line":72,"column":2},"end":{"line":76,"column":3}},"type":"if","locations":[{"start":{"line":72,"column":2},"end":{"line":76,"column":3}},{"start":{"line":74,"column":9},"end":{"line":76,"column":3}}],"line":72},"8":{"loc":{"start":{"line":74,"column":9},"end":{"line":76,"column":3}},"type":"if","locations":[{"start":{"line":74,"column":9},"end":{"line":76,"column":3}},{"start":{},"end":{}}],"line":74},"9":{"loc":{"start":{"line":82,"column":2},"end":{"line":86,"column":3}},"type":"if","locations":[{"start":{"line":82,"column":2},"end":{"line":86,"column":3}},{"start":{"line":84,"column":9},"end":{"line":86,"column":3}}],"line":82},"10":{"loc":{"start":{"line":84,"column":9},"end":{"line":86,"column":3}},"type":"if","locations":[{"start":{"line":84,"column":9},"end":{"line":86,"column":3}},{"start":{},"end":{}}],"line":84},"11":{"loc":{"start":{"line":100,"column":1},"end":{"line":102,"column":2}},"type":"if","locations":[{"start":{"line":100,"column":1},"end":{"line":102,"column":2}},{"start":{},"end":{}}],"line":100},"12":{"loc":{"start":{"line":164,"column":9},"end":{"line":166,"column":36}},"type":"binary-expr","locations":[{"start":{"line":164,"column":10},"end":{"line":164,"column":34}},{"start":{"line":165,"column":5},"end":{"line":165,"column":33}},{"start":{"line":166,"column":5},"end":{"line":166,"column":35}}],"line":164},"13":{"loc":{"start":{"line":170,"column":16},"end":{"line":170,"column":70}},"type":"cond-expr","locations":[{"start":{"line":170,"column":57},"end":{"line":170,"column":58}},{"start":{"line":170,"column":61},"end":{"line":170,"column":70}}],"line":170},"14":{"loc":{"start":{"line":171,"column":13},"end":{"line":171,"column":57}},"type":"cond-expr","locations":[{"start":{"line":171,"column":45},"end":{"line":171,"column":48}},{"start":{"line":171,"column":51},"end":{"line":171,"column":57}}],"line":171},"15":{"loc":{"start":{"line":172,"column":14},"end":{"line":172,"column":60}},"type":"cond-expr","locations":[{"start":{"line":172,"column":47},"end":{"line":172,"column":50}},{"start":{"line":172,"column":53},"end":{"line":172,"column":60}}],"line":172},"16":{"loc":{"start":{"line":173,"column":15},"end":{"line":173,"column":36}},"type":"cond-expr","locations":[{"start":{"line":173,"column":28},"end":{"line":173,"column":31}},{"start":{"line":173,"column":34},"end":{"line":173,"column":36}}],"line":173},"17":{"loc":{"start":{"line":174,"column":46},"end":{"line":174,"column":65}},"type":"binary-expr","locations":[{"start":{"line":174,"column":46},"end":{"line":174,"column":60}},{"start":{"line":174,"column":64},"end":{"line":174,"column":65}}],"line":174},"18":{"loc":{"start":{"line":175,"column":12},"end":{"line":175,"column":42}},"type":"cond-expr","locations":[{"start":{"line":175,"column":33},"end":{"line":175,"column":38}},{"start":{"line":175,"column":41},"end":{"line":175,"column":42}}],"line":175},"19":{"loc":{"start":{"line":178,"column":9},"end":{"line":178,"column":42}},"type":"cond-expr","locations":[{"start":{"line":178,"column":13},"end":{"line":178,"column":37}},{"start":{"line":178,"column":40},"end":{"line":178,"column":42}}],"line":178},"20":{"loc":{"start":{"line":180,"column":9},"end":{"line":180,"column":83}},"type":"cond-expr","locations":[{"start":{"line":180,"column":21},"end":{"line":180,"column":78}},{"start":{"line":180,"column":81},"end":{"line":180,"column":83}}],"line":180}},"s":{"0":1,"1":1,"2":1,"3":1,"4":1,"5":1,"6":0,"7":0,"8":0,"9":0,"10":0,"11":0,"12":0,"13":0,"14":0,"15":0,"16":0,"17":0,"18":0,"19":0,"20":0,"21":0,"22":0,"23":0,"24":0,"25":0,"26":0,"27":0,"28":0,"29":0,"30":0,"31":0,"32":0,"33":0,"34":0,"35":0,"36":0,"37":0,"38":0,"39":1,"40":7,"41":3,"42":4,"43":4,"44":0,"45":1,"46":7,"47":4,"48":3,"49":3,"50":0,"51":1,"52":0,"53":0,"54":0,"55":0,"56":0,"57":0,"58":0,"59":0,"60":0,"61":0,"62":0,"63":0,"64":0,"65":0,"66":0,"67":0,"68":0,"69":0,"70":0,"71":0,"72":0,"73":0,"74":0,"75":0,"76":0,"77":0,"78":1,"79":0,"80":0,"81":0,"82":0,"83":0,"84":0},"f":{"0":0,"1":0,"2":0,"3":0,"4":0,"5":0,"6":0,"7":1,"8":7,"9":1,"10":7,"11":0,"12":0,"13":0,"14":0,"15":0,"16":0,"17":0,"18":0,"19":0,"20":1,"21":0},"b":{"0":[0,0],"1":[0,0],"2":[0,0],"3":[0,0],"4":[0,0],"5":[0,0],"6":[0,0],"7":[3,4],"8":[4,0],"9":[4,3],"10":[3,0],"11":[0,0],"12":[1,1,1],"13":[0,0],"14":[0,0],"15":[0,0],"16":[0,0],"17":[0,0],"18":[0,0],"19":[0,0],"20":[0,0]},"_coverageSchema":"1a1c01bbd47fc00a2c39e90264f33305004495a9","hash":"c31f69bcc296e20d83bbbbef02de98b3884912aa"}
}
