TN:
SF:index.js
FN:11,homeInit
FN:21,bindHomeEvent
FN:22,(anonymous_2)
FN:38,(anonymous_3)
FN:46,(anonymous_4)
FN:51,(anonymous_5)
FN:59,(anonymous_6)
FN:70,sortByPopularity
FN:71,(anonymous_8)
FN:80,sortByDate
FN:81,(anonymous_10)
FN:93,openMainMenu
FN:98,closeMainMenu
FN:106,createMovieList
FN:126,getMovieList
FN:138,(anonymous_15)
FN:139,(anonymous_16)
FN:146,(anonymous_17)
FN:154,showLoading
FN:158,hideLoading
FN:163,isTouchDevice
FN:169,formatMoney
FNF:22
FNH:5
FNDA:0,homeInit
FNDA:0,bindHomeEvent
FNDA:0,(anonymous_2)
FNDA:0,(anonymous_3)
FNDA:0,(anonymous_4)
FNDA:0,(anonymous_5)
FNDA:0,(anonymous_6)
FNDA:1,sortByPopularity
FNDA:7,(anonymous_8)
FNDA:1,sortByDate
FNDA:7,(anonymous_10)
FNDA:0,openMainMenu
FNDA:0,closeMainMenu
FNDA:0,createMovieList
FNDA:0,getMovieList
FNDA:0,(anonymous_15)
FNDA:0,(anonymous_16)
FNDA:0,(anonymous_17)
FNDA:0,showLoading
FNDA:0,hideLoading
FNDA:1,isTouchDevice
FNDA:0,formatMoney
DA:1,1
DA:2,1
DA:4,1
DA:5,1
DA:7,1
DA:8,1
DA:12,0
DA:13,0
DA:15,0
DA:17,0
DA:18,0
DA:22,0
DA:23,0
DA:24,0
DA:26,0
DA:27,0
DA:28,0
DA:31,0
DA:34,0
DA:38,0
DA:39,0
DA:40,0
DA:41,0
DA:43,0
DA:46,0
DA:47,0
DA:48,0
DA:51,0
DA:52,0
DA:53,0
DA:54,0
DA:55,0
DA:56,0
DA:59,0
DA:60,0
DA:61,0
DA:62,0
DA:63,0
DA:71,1
DA:72,7
DA:73,3
DA:74,4
DA:75,4
DA:77,0
DA:81,1
DA:82,7
DA:83,4
DA:84,3
DA:85,3
DA:87,0
DA:90,1
DA:94,0
DA:95,0
DA:99,0
DA:100,0
DA:101,0
DA:107,0
DA:108,0
DA:109,0
DA:110,0
DA:111,0
DA:122,0
DA:127,0
DA:129,0
DA:137,0
DA:138,0
DA:140,0
DA:141,0
DA:142,0
DA:143,0
DA:144,0
DA:147,0
DA:148,0
DA:149,0
DA:155,0
DA:159,0
DA:164,1
DA:170,0
DA:172,0
DA:173,0
DA:174,0
DA:175,0
DA:177,0
LF:83
LH:18
BRDA:15,0,0,0
BRDA:15,0,1,0
BRDA:27,1,0,0
BRDA:27,1,1,0
BRDA:40,2,0,0
BRDA:40,2,1,0
BRDA:53,3,0,0
BRDA:53,3,1,0
BRDA:53,4,0,0
BRDA:53,4,1,0
BRDA:61,5,0,0
BRDA:61,5,1,0
BRDA:62,6,0,0
BRDA:62,6,1,0
BRDA:72,7,0,3
BRDA:72,7,1,4
BRDA:74,8,0,4
BRDA:74,8,1,0
BRDA:82,9,0,4
BRDA:82,9,1,3
BRDA:84,10,0,3
BRDA:84,10,1,0
BRDA:100,11,0,0
BRDA:100,11,1,0
BRDA:164,12,0,1
BRDA:164,12,1,1
BRDA:164,12,2,1
BRDA:170,13,0,0
BRDA:170,13,1,0
BRDA:171,14,0,0
BRDA:171,14,1,0
BRDA:172,15,0,0
BRDA:172,15,1,0
BRDA:173,16,0,0
BRDA:173,16,1,0
BRDA:174,17,0,0
BRDA:174,17,1,0
BRDA:175,18,0,0
BRDA:175,18,1,0
BRDA:178,19,0,0
BRDA:178,19,1,0
BRDA:180,20,0,0
BRDA:180,20,1,0
BRF:43
BRH:9
end_of_record
